Arguments: 
  /usr/local/bin/node /usr/local/bin/yarn install

PATH: 
  /usr/local/sbin:/usr/local/bin:/usr/sbin:/usr/bin:/sbin:/bin:/usr/games:/usr/local/games:/snap/bin:/home/reza/.config/composer/vendor/bin:/home/reza/.config/composer/vendor/bin

Yarn version: 
  1.22.19

Node version: 
  18.16.0

Platform: 
  linux x64

Trace: 
  Error: read ECONNRESET
      at TLSWrap.onStreamRead (node:internal/stream_base_commons:217:20)

npm manifest: 
  {
    "name": "enofolio",
    "type": "module",
    "version": "0.0.1",
    "scripts": {
      "dev": "astro dev",
      "start": "astro dev",
      "build": "astro build",
      "preview": "astro preview",
      "astro": "astro"
    },
    "dependencies": {
      "astro": "^2.4.1"
    }
  }

yarn manifest: 
  No manifest

Lockfile: 
  No lockfile
